<?xml version="1.0" encoding="UTF-8"?>
<!-- Generated by org.testng.reporters.JUnitReportReporter -->
<testsuite hostname="DESKTOP-57S20J4" failures="0" tests="6" name="demo.DynamicJson" time="3.780" errors="0" timestamp="2023-03-15T16:13:07 IST" skipped="0">
  <testcase classname="demo.DynamicJson" name="AddBook" time="0.215"/>
  <system-out/>
  <testcase classname="demo.DynamicJson" name="AddBook" time="2.893"/>
  <system-out/>
  <testcase classname="demo.DynamicJson" name="AddBook" time="0.187"/>
  <system-out/>
  <testcase classname="demo.DynamicJson" name="DeleteBook" time="0.163"/>
  <system-out/>
  <testcase classname="demo.DynamicJson" name="DeleteBook" time="0.133"/>
  <system-out/>
  <testcase classname="demo.DynamicJson" name="DeleteBook" time="0.189"/>
  <system-out/>
</testsuite> <!-- demo.DynamicJson -->
