<?xml version="1.0" encoding="UTF-8"?>
<!-- Generated by org.testng.reporters.JUnitReportReporter -->
<testsuite hostname="DESKTOP-57S20J4" failures="0" tests="1" name="TestFrameWork.excelDriven" time="2.285" errors="0" timestamp="2023-03-21T15:45:12 IST" skipped="0">
  <testcase classname="TestFrameWork.excelDriven" name="addBook" time="2.285"/>
  <system-out/>
</testsuite> <!-- TestFrameWork.excelDriven -->
